<?xml version="1.0" encoding="UTF-8"?>
<!-- Generated by org.testng.reporters.JUnitReportReporter -->
<testsuite hostname="DESKTOP-F0GSOMT" name="testcases.VerifyHomePage" tests="1" failures="0" timestamp="5 Aug 2020 13:55:28 GMT" time="11.178" errors="0">
  <testcase name="runVerification" time="11.178" classname="testcases.VerifyHomePage"/>
</testsuite> <!-- testcases.VerifyHomePage -->
